<?xml version="1.0" encoding="UTF-8"?>
<!-- Generated by org.testng.reporters.JUnitReportReporter -->
<testsuite hostname="Justins-MacBook-Pro.local" failures="0" tests="1" name="com.justinbett.restful_booker_demo.HelloWorld" time="0.011" errors="0" timestamp="2024-07-26T15:10:37 EDT" skipped="0">
  <testcase classname="com.justinbett.restful_booker_demo.HelloWorld" name="StartProject" time="0.011"/>
</testsuite> <!-- com.justinbett.restful_booker_demo.HelloWorld -->
